<?xml version="1.0" encoding="UTF-8"?>
<testng-results ignored="0" total="1" passed="1" failed="0" skipped="0">
  <reporter-output>
  </reporter-output>
  <suite started-at="2023-03-09T00:01:21 IST" name="Default suite" finished-at="2023-03-09T00:01:53 IST" duration-ms="31744">
    <groups>
    </groups>
    <test started-at="2023-03-09T00:01:21 IST" name="Default test" finished-at="2023-03-09T00:01:53 IST" duration-ms="31744">
      <class name="com.inetbanking.testCases.TC_LoginTest_001">
        <test-method is-config="true" signature="setup()[pri:0, instance:com.inetbanking.testCases.TC_LoginTest_001@61001b64]" started-at="2023-03-09T00:01:21 IST" name="setup" finished-at="2023-03-09T00:01:24 IST" duration-ms="3518" status="PASS">
          <reporter-output>
          </reporter-output>
        </test-method> <!-- setup -->
        <test-method signature="loginTest()[pri:0, instance:com.inetbanking.testCases.TC_LoginTest_001@61001b64]" started-at="2023-03-09T00:01:24 IST" name="loginTest" finished-at="2023-03-09T00:01:52 IST" duration-ms="27751" status="PASS">
          <reporter-output>
          </reporter-output>
        </test-method> <!-- loginTest -->
        <test-method is-config="true" signature="tearDown()[pri:0, instance:com.inetbanking.testCases.TC_LoginTest_001@61001b64]" started-at="2023-03-09T00:01:52 IST" name="tearDown" finished-at="2023-03-09T00:01:53 IST" duration-ms="357" status="PASS">
          <reporter-output>
          </reporter-output>
        </test-method> <!-- tearDown -->
      </class> <!-- com.inetbanking.testCases.TC_LoginTest_001 -->
    </test> <!-- Default test -->
  </suite> <!-- Default suite -->
</testng-results>
